<?xml version="1.0" encoding="UTF-8"?>
<!-- Generated by org.testng.reporters.JUnitReportReporter -->
<testsuite skipped="0" hostname="LAPTOP-LIIKGN8G" name="testcases.VerifyLoginPagewithReports" tests="1" failures="0" timestamp="28 Nov 2017 11:38:46 GMT" time="17.741" errors="0">
  <testcase name="testHomePage" time="17.741" classname="testcases.VerifyLoginPagewithReports"/>
</testsuite> <!-- testcases.VerifyLoginPagewithReports -->
