<?xml version="1.0" encoding="UTF-8"?>
<!-- Generated by org.testng.reporters.JUnitReportReporter -->
<testsuite skipped="0" hostname="LAPTOP-LIIKGN8G" name="testcases.VerifyLoginPage" tests="1" failures="0" timestamp="01 Dec 2017 14:28:35 GMT" time="29.587" errors="0">
  <testcase name="testHomePage" time="29.587" classname="testcases.VerifyLoginPage"/>
</testsuite> <!-- testcases.VerifyLoginPage -->
