<?xml version="1.0" encoding="UTF-8"?>
<!-- Generated by org.testng.reporters.JUnitReportReporter -->
<testsuite skipped="0" hostname="LAPTOP-LIIKGN8G" name="testcases.VerifyHomePage" tests="1" failures="0" timestamp="01 Dec 2017 15:54:16 GMT" time="15.816" errors="0">
  <testcase name="testHomePage" time="15.816" classname="testcases.VerifyHomePage"/>
</testsuite> <!-- testcases.VerifyHomePage -->
