<?xml version="1.0" encoding="UTF-8"?>
<!-- Generated by org.testng.reporters.JUnitReportReporter -->
<testsuite skipped="0" hostname="LAPTOP-LIIKGN8G" name="testcases.VerifyLoginPage" tests="1" failures="0" timestamp="02 Dec 2017 15:06:18 GMT" time="21.653" errors="0">
  <testcase name="testHomePage" time="21.653" classname="testcases.VerifyLoginPage"/>
</testsuite> <!-- testcases.VerifyLoginPage -->
