<?xml version="1.0" encoding="UTF-8"?>
<!-- Generated by org.testng.reporters.JUnitReportReporter -->
<testsuite skipped="0" hostname="LAPTOP-LIIKGN8G" name="testcases.VerifyHomePage" tests="1" failures="0" timestamp="02 Dec 2017 15:06:18 GMT" time="9.588" errors="0">
  <testcase name="testHomePage" time="9.588" classname="testcases.VerifyHomePage"/>
</testsuite> <!-- testcases.VerifyHomePage -->
